<?xml version="1.0" encoding="UTF-8"?>
<!-- Generated by org.testng.reporters.JUnitReportReporter -->
<testsuite hostname="LAPTOP-FG948455" failures="0" tests="1" name="com.DemoTest.ParaMetersTest" time="0.010" errors="0" timestamp="2021-08-03T18:32:34 IST" skipped="0">
  <testcase classname="com.DemoTest.ParaMetersTest" name="params" time="0.010"/>
  <system-out/>
</testsuite> <!-- com.DemoTest.ParaMetersTest -->
